Release 12.4 - xst M.81d (nt)
Copyright (c) 1995-2010 Xilinx, Inc.  All rights reserved.
--> Parameter TMPDIR set to xst/projnav.tmp


Total REAL time to Xst completion: 0.00 secs
Total CPU time to Xst completion: 0.12 secs
 
--> Parameter xsthdpdir set to xst


Total REAL time to Xst completion: 0.00 secs
Total CPU time to Xst completion: 0.12 secs
 
--> Reading design: LEDBlink.prj

TABLE OF CONTENTS
  1) Synthesis Options Summary
  2) HDL Parsing
  3) HDL Elaboration
  4) HDL Synthesis
       4.1) HDL Synthesis Report
  5) Advanced HDL Synthesis
       5.1) Advanced HDL Synthesis Report
  6) Low Level Synthesis
  7) Partition Report
  8) Design Summary
       8.1) Primitive and Black Box Usage
       8.2) Device utilization summary
       8.3) Partition Resource Summary
       8.4) Timing Report
            8.4.1) Clock Information
            8.4.2) Asynchronous Control Signals Information
            8.4.3) Timing Summary
            8.4.4) Timing Details
            8.4.5) Cross Clock Domains Report


=========================================================================
*                      Synthesis Options Summary                        *
=========================================================================
---- Source Parameters
Input File Name                    : "LEDBlink.prj"
Input Format                       : mixed
Ignore Synthesis Constraint File   : NO

---- Target Parameters
Output File Name                   : "LEDBlink"
Output Format                      : NGC
Target Device                      : xc6slx45-3-csg324

---- Source Options
Top Module Name                    : LEDBlink
Automatic FSM Extraction           : YES
FSM Encoding Algorithm             : Auto
Safe Implementation                : No
FSM Style                          : LUT
RAM Extraction                     : Yes
RAM Style                          : Auto
ROM Extraction                     : Yes
Shift Register Extraction          : YES
ROM Style                          : Auto
Resource Sharing                   : YES
Asynchronous To Synchronous        : NO
Shift Register Minimum Size        : 2
Use DSP Block                      : Auto
Automatic Register Balancing       : No

---- Target Options
LUT Combining                      : Auto
Reduce Control Sets                : Auto
Add IO Buffers                     : YES
Global Maximum Fanout              : 100000
Add Generic Clock Buffer(BUFG)     : 16
Register Duplication               : YES
Optimize Instantiated Primitives   : NO
Use Clock Enable                   : Auto
Use Synchronous Set                : Auto
Use Synchronous Reset              : Auto
Pack IO Registers into IOBs        : Auto
Equivalent register Removal        : YES

---- General Options
Optimization Goal                  : Speed
Optimization Effort                : 1
Power Reduction                    : NO
Keep Hierarchy                     : No
Netlist Hierarchy                  : As_Optimized
RTL Output                         : Yes
Global Optimization                : AllClockNets
Read Cores                         : YES
Write Timing Constraints           : NO
Cross Clock Analysis               : NO
Hierarchy Separator                : /
Bus Delimiter                      : <>
Case Specifier                     : Maintain
Slice Utilization Ratio            : 100
BRAM Utilization Ratio             : 100
DSP48 Utilization Ratio            : 100
Auto BRAM Packing                  : NO
Slice Utilization Ratio Delta      : 5

=========================================================================


=========================================================================
*                          HDL Parsing                                  *
=========================================================================
Parsing VHDL file "\Users\kvemishe\Documents\FPGA\Xilinx Course\LEDBlink\LEDBlink.vhd" into library work
Parsing entity <LEDBlink>.
Parsing architecture <Behavioral> of entity <ledblink>.

=========================================================================
*                            HDL Elaboration                            *
=========================================================================

Elaborating entity <LEDBlink> (architecture <Behavioral>) from library <work>.

=========================================================================
*                           HDL Synthesis                               *
=========================================================================

Synthesizing Unit <LEDBlink>.
    Related source file is "/users/kvemishe/documents/fpga/xilinx course/ledblink/ledblink.vhd".
    Found 1-bit register for signal <LED>.
    Found 25-bit register for signal <count>.
    Found 25-bit adder for signal <count[24]_GND_5_o_add_1_OUT> created at line 32.
    Found 25-bit comparator greater for signal <count[24]_PWR_5_o_LessThan_1_o> created at line 31
    Summary:
	inferred   1 Adder/Subtractor(s).
	inferred  26 D-type flip-flop(s).
	inferred   1 Comparator(s).
Unit <LEDBlink> synthesized.

=========================================================================
HDL Synthesis Report

Macro Statistics
# Adders/Subtractors                                   : 1
 25-bit adder                                          : 1
# Registers                                            : 2
 1-bit register                                        : 1
 25-bit register                                       : 1
# Comparators                                          : 1
 25-bit comparator greater                             : 1

=========================================================================

=========================================================================
*                       Advanced HDL Synthesis                          *
=========================================================================


Synthesizing (advanced) Unit <LEDBlink>.
The following registers are absorbed into counter <count>: 1 register on signal <count>.
Unit <LEDBlink> synthesized (advanced).

=========================================================================
Advanced HDL Synthesis Report

Macro Statistics
# Counters                                             : 1
 25-bit up counter                                     : 1
# Registers                                            : 1
 Flip-Flops                                            : 1
# Comparators                                          : 1
 25-bit comparator greater                             : 1

=========================================================================

=========================================================================
*                         Low Level Synthesis                           *
=========================================================================

Optimizing unit <LEDBlink> ...

Mapping all equations...
Building and optimizing final netlist ...
Found area constraint ratio of 100 (+ 5) on block LEDBlink, actual ratio is 0.

Final Macro Processing ...

=========================================================================
Final Register Report

Macro Statistics
# Registers                                            : 26
 Flip-Flops                                            : 26

=========================================================================

=========================================================================
*                           Partition Report                            *
=========================================================================

Partition Implementation Status
-------------------------------

  No Partitions were found in this design.

-------------------------------

=========================================================================
*                            Design Summary                             *
=========================================================================

Top Level Output File Name         : LEDBlink.ngc

Primitive and Black Box Usage:
------------------------------
# BELS                             : 108
#      GND                         : 1
#      INV                         : 1
#      LUT1                        : 24
#      LUT2                        : 26
#      LUT5                        : 1
#      LUT6                        : 5
#      MUXCY                       : 24
#      VCC                         : 1
#      XORCY                       : 25
# FlipFlops/Latches                : 26
#      FD                          : 26
# Clock Buffers                    : 1
#      BUFGP                       : 1
# IO Buffers                       : 2
#      IBUF                        : 1
#      OBUF                        : 1

Device utilization summary:
---------------------------

Selected Device : 6slx45csg324-3 


Slice Logic Utilization: 
 Number of Slice Registers:              26  out of  54576     0%  
 Number of Slice LUTs:                   57  out of  27288     0%  
    Number used as Logic:                57  out of  27288     0%  

Slice Logic Distribution: 
 Number of LUT Flip Flop pairs used:     57
   Number with an unused Flip Flop:      31  out of     57    54%  
   Number with an unused LUT:             0  out of     57     0%  
   Number of fully used LUT-FF pairs:    26  out of     57    45%  
   Number of unique control sets:         1

IO Utilization: 
 Number of IOs:                           3
 Number of bonded IOBs:                   3  out of    218     1%  

Specific Feature Utilization:
 Number of BUFG/BUFGCTRLs:                1  out of     16     6%  

---------------------------
Partition Resource Summary:
---------------------------

  No Partitions were found in this design.

---------------------------


=========================================================================
Timing Report

NOTE: THESE TIMING NUMBERS ARE ONLY A SYNTHESIS ESTIMATE.
      FOR ACCURATE TIMING INFORMATION PLEASE REFER TO THE TRACE REPORT
      GENERATED AFTER PLACE-and-ROUTE.

Clock Information:
------------------
-----------------------------------+------------------------+-------+
Clock Signal                       | Clock buffer(FF name)  | Load  |
-----------------------------------+------------------------+-------+
clk                                | BUFGP                  | 26    |
-----------------------------------+------------------------+-------+

Asynchronous Control Signals Information:
----------------------------------------
No asynchronous control signals found in this design

Timing Summary:
---------------
Speed Grade: -3

   Minimum period: 4.513ns (Maximum Frequency: 221.592MHz)
   Minimum input arrival time before clock: 3.681ns
   Maximum output required time after clock: 3.634ns
   Maximum combinational path delay: No path found

Timing Details:
---------------
All values displayed in nanoseconds (ns)

=========================================================================
Timing constraint: Default period analysis for Clock 'clk'
  Clock period: 4.513ns (frequency: 221.592MHz)
  Total number of paths / destination ports: 820 / 26
-------------------------------------------------------------------------
Delay:               4.513ns (Levels of Logic = 4)
  Source:            count_14 (FF)
  Destination:       count_1 (FF)
  Source Clock:      clk rising
  Destination Clock: clk rising

  Data Path: count_14 to count_1
                                Gate     Net
    Cell:in->out      fanout   Delay   Delay  Logical Name (Net Name)
    ----------------------------------------  ------------
     FD:C->Q               2   0.447   0.981  count_14 (count_14)
     LUT6:I0->O            1   0.203   0.580  count[24]_PWR_5_o_LessThan_1_o32 (count[24]_PWR_5_o_LessThan_1_o31)
     LUT6:I5->O            3   0.205   0.651  count[24]_PWR_5_o_LessThan_1_o33 (count[24]_PWR_5_o_LessThan_1_o32)
     LUT6:I5->O           13   0.205   0.933  Mcount_count_val251 (Mcount_count_val)
     LUT2:I1->O            1   0.205   0.000  count_1_rstpot (count_1_rstpot)
     FD:D                      0.102          count_1
    ----------------------------------------
    Total                      4.513ns (1.367ns logic, 3.146ns route)
                                       (30.3% logic, 69.7% route)

=========================================================================
Timing constraint: Default OFFSET IN BEFORE for Clock 'clk'
  Total number of paths / destination ports: 26 / 26
-------------------------------------------------------------------------
Offset:              3.681ns (Levels of Logic = 3)
  Source:            rst (PAD)
  Destination:       count_1 (FF)
  Destination Clock: clk rising

  Data Path: rst to count_1
                                Gate     Net
    Cell:in->out      fanout   Delay   Delay  Logical Name (Net Name)
    ----------------------------------------  ------------
     IBUF:I->O             3   1.222   1.015  rst_IBUF (rst_IBUF)
     LUT6:I0->O           13   0.203   0.933  Mcount_count_val251 (Mcount_count_val)
     LUT2:I1->O            1   0.205   0.000  count_1_rstpot (count_1_rstpot)
     FD:D                      0.102          count_1
    ----------------------------------------
    Total                      3.681ns (1.732ns logic, 1.949ns route)
                                       (47.1% logic, 52.9% route)

=========================================================================
Timing constraint: Default OFFSET OUT AFTER for Clock 'clk'
  Total number of paths / destination ports: 1 / 1
-------------------------------------------------------------------------
Offset:              3.634ns (Levels of Logic = 1)
  Source:            clk_1hz (FF)
  Destination:       LED (PAD)
  Source Clock:      clk rising

  Data Path: clk_1hz to LED
                                Gate     Net
    Cell:in->out      fanout   Delay   Delay  Logical Name (Net Name)
    ----------------------------------------  ------------
     FD:C->Q               2   0.447   0.616  clk_1hz (clk_1hz)
     OBUF:I->O                 2.571          LED_OBUF (LED)
    ----------------------------------------
    Total                      3.634ns (3.018ns logic, 0.616ns route)
                                       (83.0% logic, 17.0% route)

=========================================================================

Cross Clock Domains Report:
--------------------------

Clock to Setup on destination clock clk
---------------+---------+---------+---------+---------+
               | Src:Rise| Src:Fall| Src:Rise| Src:Fall|
Source Clock   |Dest:Rise|Dest:Rise|Dest:Fall|Dest:Fall|
---------------+---------+---------+---------+---------+
clk            |    4.513|         |         |         |
---------------+---------+---------+---------+---------+

=========================================================================


Total REAL time to Xst completion: 3.00 secs
Total CPU time to Xst completion: 3.03 secs
 
--> 

Total memory usage is 218484 kilobytes

Number of errors   :    0 (   0 filtered)
Number of warnings :    0 (   0 filtered)
Number of infos    :    0 (   0 filtered)

